{"/Users/stewart/Documents/GitHub/budgetApp/v2/src/app.js": {"path":"/Users/stewart/Documents/GitHub/budgetApp/v2/src/app.js","statementMap":{"0":{"start":{"line":1,"column":13},"end":{"line":1,"column":28}},"1":{"start":{"line":3,"column":16},"end":{"line":3,"column":34}},"2":{"start":{"line":4,"column":21},"end":{"line":4,"column":48}},"3":{"start":{"line":5,"column":19},"end":{"line":5,"column":44}},"4":{"start":{"line":6,"column":12},"end":{"line":6,"column":26}},"5":{"start":{"line":10,"column":12},"end":{"line":10,"column":21}},"6":{"start":{"line":13,"column":22},"end":{"line":13,"column":55}},"7":{"start":{"line":14,"column":18},"end":{"line":14,"column":60}},"8":{"start":{"line":15,"column":21},"end":{"line":15,"column":66}},"9":{"start":{"line":17,"column":0},"end":{"line":17,"column":29}},"10":{"start":{"line":18,"column":0},"end":{"line":18,"column":27}},"11":{"start":{"line":19,"column":0},"end":{"line":19,"column":34}},"12":{"start":{"line":21,"column":0},"end":{"line":21,"column":23}},"13":{"start":{"line":22,"column":0},"end":{"line":22,"column":38}},"14":{"start":{"line":23,"column":0},"end":{"line":23,"column":21}},"15":{"start":{"line":24,"column":0},"end":{"line":24,"column":19}},"16":{"start":{"line":26,"column":0},"end":{"line":31,"column":2}},"17":{"start":{"line":27,"column":4},"end":{"line":30,"column":6}},"18":{"start":{"line":33,"column":0},"end":{"line":33,"column":20}}},"fnMap":{"0":{"name":"(anonymous_0)","decl":{"start":{"line":26,"column":12},"end":{"line":26,"column":13}},"loc":{"start":{"line":26,"column":26},"end":{"line":31,"column":1}},"line":26}},"branchMap":{},"s":{"0":1,"1":1,"2":1,"3":1,"4":1,"5":1,"6":1,"7":1,"8":1,"9":1,"10":1,"11":1,"12":1,"13":1,"14":1,"15":1,"16":1,"17":0,"18":1},"f":{"0":0},"b":{},"_coverageSchema":"1a1c01bbd47fc00a2c39e90264f33305004495a9","hash":"2a9bbeaa0ab0dc111f689f3e969f3db889d4bcec"}
,"/Users/stewart/Documents/GitHub/budgetApp/v2/src/db/connection.js": {"path":"/Users/stewart/Documents/GitHub/budgetApp/v2/src/db/connection.js","statementMap":{"0":{"start":{"line":1,"column":14},"end":{"line":1,"column":30}},"1":{"start":{"line":3,"column":19},"end":{"line":8,"column":2}},"2":{"start":{"line":10,"column":0},"end":{"line":10,"column":27}}},"fnMap":{},"branchMap":{},"s":{"0":1,"1":1,"2":1},"f":{},"b":{},"_coverageSchema":"1a1c01bbd47fc00a2c39e90264f33305004495a9","hash":"3f91540da9d70e9747baf1d95d9413188f95180d"}
,"/Users/stewart/Documents/GitHub/budgetApp/v2/src/db/database.js": {"path":"/Users/stewart/Documents/GitHub/budgetApp/v2/src/db/database.js","statementMap":{"0":{"start":{"line":1,"column":14},"end":{"line":1,"column":30}},"1":{"start":{"line":2,"column":19},"end":{"line":2,"column":42}},"2":{"start":{"line":8,"column":0},"end":{"line":13,"column":2}},"3":{"start":{"line":9,"column":4},"end":{"line":11,"column":5}},"4":{"start":{"line":10,"column":8},"end":{"line":10,"column":72}},"5":{"start":{"line":12,"column":4},"end":{"line":12,"column":85}},"6":{"start":{"line":39,"column":23},"end":{"line":49,"column":19}},"7":{"start":{"line":51,"column":25},"end":{"line":58,"column":50}},"8":{"start":{"line":60,"column":26},"end":{"line":64,"column":72}},"9":{"start":{"line":66,"column":0},"end":{"line":70,"column":2}},"10":{"start":{"line":67,"column":4},"end":{"line":69,"column":5}},"11":{"start":{"line":68,"column":8},"end":{"line":68,"column":30}},"12":{"start":{"line":72,"column":0},"end":{"line":76,"column":2}},"13":{"start":{"line":73,"column":4},"end":{"line":75,"column":5}},"14":{"start":{"line":74,"column":8},"end":{"line":74,"column":30}},"15":{"start":{"line":78,"column":0},"end":{"line":82,"column":2}},"16":{"start":{"line":79,"column":4},"end":{"line":81,"column":5}},"17":{"start":{"line":80,"column":8},"end":{"line":80,"column":30}},"18":{"start":{"line":83,"column":0},"end":{"line":86,"column":2}},"19":{"start":{"line":91,"column":0},"end":{"line":91,"column":27}}},"fnMap":{"0":{"name":"(anonymous_0)","decl":{"start":{"line":8,"column":19},"end":{"line":8,"column":20}},"loc":{"start":{"line":8,"column":28},"end":{"line":13,"column":1}},"line":8},"1":{"name":"(anonymous_1)","decl":{"start":{"line":66,"column":33},"end":{"line":66,"column":34}},"loc":{"start":{"line":66,"column":44},"end":{"line":70,"column":1}},"line":66},"2":{"name":"(anonymous_2)","decl":{"start":{"line":72,"column":35},"end":{"line":72,"column":36}},"loc":{"start":{"line":72,"column":46},"end":{"line":76,"column":1}},"line":72},"3":{"name":"(anonymous_3)","decl":{"start":{"line":78,"column":36},"end":{"line":78,"column":37}},"loc":{"start":{"line":78,"column":47},"end":{"line":82,"column":1}},"line":78},"4":{"name":"(anonymous_4)","decl":{"start":{"line":83,"column":61},"end":{"line":83,"column":62}},"loc":{"start":{"line":83,"column":89},"end":{"line":86,"column":1}},"line":83}},"branchMap":{"0":{"loc":{"start":{"line":9,"column":4},"end":{"line":11,"column":5}},"type":"if","locations":[{"start":{"line":9,"column":4},"end":{"line":11,"column":5}},{"start":{"line":9,"column":4},"end":{"line":11,"column":5}}],"line":9},"1":{"loc":{"start":{"line":67,"column":4},"end":{"line":69,"column":5}},"type":"if","locations":[{"start":{"line":67,"column":4},"end":{"line":69,"column":5}},{"start":{"line":67,"column":4},"end":{"line":69,"column":5}}],"line":67},"2":{"loc":{"start":{"line":73,"column":4},"end":{"line":75,"column":5}},"type":"if","locations":[{"start":{"line":73,"column":4},"end":{"line":75,"column":5}},{"start":{"line":73,"column":4},"end":{"line":75,"column":5}}],"line":73},"3":{"loc":{"start":{"line":79,"column":4},"end":{"line":81,"column":5}},"type":"if","locations":[{"start":{"line":79,"column":4},"end":{"line":81,"column":5}},{"start":{"line":79,"column":4},"end":{"line":81,"column":5}}],"line":79}},"s":{"0":1,"1":1,"2":1,"3":1,"4":0,"5":1,"6":1,"7":1,"8":1,"9":1,"10":1,"11":0,"12":1,"13":1,"14":0,"15":1,"16":1,"17":0,"18":1,"19":1},"f":{"0":1,"1":1,"2":1,"3":1,"4":1},"b":{"0":[0,1],"1":[0,1],"2":[0,1],"3":[0,1]},"_coverageSchema":"1a1c01bbd47fc00a2c39e90264f33305004495a9","hash":"49aa9521b536440c8a8b1c195baed3ec1a802abd"}
,"/Users/stewart/Documents/GitHub/budgetApp/v2/src/db/databaseMethods.js": {"path":"/Users/stewart/Documents/GitHub/budgetApp/v2/src/db/databaseMethods.js","statementMap":{"0":{"start":{"line":1,"column":17},"end":{"line":1,"column":40}},"1":{"start":{"line":2,"column":21},"end":{"line":11,"column":1}},"2":{"start":{"line":3,"column":4},"end":{"line":10,"column":6}},"3":{"start":{"line":4,"column":8},"end":{"line":9,"column":10}},"4":{"start":{"line":5,"column":12},"end":{"line":7,"column":13}},"5":{"start":{"line":6,"column":16},"end":{"line":6,"column":29}},"6":{"start":{"line":8,"column":12},"end":{"line":8,"column":27}},"7":{"start":{"line":13,"column":20},"end":{"line":22,"column":1}},"8":{"start":{"line":14,"column":4},"end":{"line":21,"column":6}},"9":{"start":{"line":15,"column":8},"end":{"line":20,"column":10}},"10":{"start":{"line":16,"column":12},"end":{"line":18,"column":13}},"11":{"start":{"line":17,"column":16},"end":{"line":17,"column":29}},"12":{"start":{"line":19,"column":12},"end":{"line":19,"column":27}},"13":{"start":{"line":24,"column":0},"end":{"line":27,"column":1}}},"fnMap":{"0":{"name":"(anonymous_0)","decl":{"start":{"line":2,"column":21},"end":{"line":2,"column":22}},"loc":{"start":{"line":2,"column":32},"end":{"line":11,"column":1}},"line":2},"1":{"name":"(anonymous_1)","decl":{"start":{"line":3,"column":23},"end":{"line":3,"column":24}},"loc":{"start":{"line":3,"column":44},"end":{"line":10,"column":5}},"line":3},"2":{"name":"(anonymous_2)","decl":{"start":{"line":4,"column":30},"end":{"line":4,"column":31}},"loc":{"start":{"line":4,"column":49},"end":{"line":9,"column":9}},"line":4},"3":{"name":"(anonymous_3)","decl":{"start":{"line":13,"column":20},"end":{"line":13,"column":21}},"loc":{"start":{"line":13,"column":40},"end":{"line":22,"column":1}},"line":13},"4":{"name":"(anonymous_4)","decl":{"start":{"line":14,"column":23},"end":{"line":14,"column":24}},"loc":{"start":{"line":14,"column":44},"end":{"line":21,"column":5}},"line":14},"5":{"name":"(anonymous_5)","decl":{"start":{"line":15,"column":38},"end":{"line":15,"column":39}},"loc":{"start":{"line":15,"column":57},"end":{"line":20,"column":9}},"line":15}},"branchMap":{"0":{"loc":{"start":{"line":5,"column":12},"end":{"line":7,"column":13}},"type":"if","locations":[{"start":{"line":5,"column":12},"end":{"line":7,"column":13}},{"start":{"line":5,"column":12},"end":{"line":7,"column":13}}],"line":5},"1":{"loc":{"start":{"line":16,"column":12},"end":{"line":18,"column":13}},"type":"if","locations":[{"start":{"line":16,"column":12},"end":{"line":18,"column":13}},{"start":{"line":16,"column":12},"end":{"line":18,"column":13}}],"line":16}},"s":{"0":1,"1":1,"2":7,"3":7,"4":7,"5":0,"6":7,"7":1,"8":9,"9":9,"10":9,"11":1,"12":9,"13":1},"f":{"0":7,"1":7,"2":7,"3":9,"4":9,"5":9},"b":{"0":[0,7],"1":[1,8]},"_coverageSchema":"1a1c01bbd47fc00a2c39e90264f33305004495a9","hash":"a6936a511638f6e2bf4b1567664f1a470beb4d1b"}
,"/Users/stewart/Documents/GitHub/budgetApp/v2/src/js/Budget.js": {"path":"/Users/stewart/Documents/GitHub/budgetApp/v2/src/js/Budget.js","statementMap":{"0":{"start":{"line":1,"column":17},"end":{"line":1,"column":42}},"1":{"start":{"line":2,"column":36},"end":{"line":2,"column":68}},"2":{"start":{"line":3,"column":0},"end":{"line":171,"column":1}},"3":{"start":{"line":5,"column":8},"end":{"line":5,"column":29}},"4":{"start":{"line":6,"column":8},"end":{"line":6,"column":29}},"5":{"start":{"line":7,"column":8},"end":{"line":7,"column":30}},"6":{"start":{"line":8,"column":8},"end":{"line":8,"column":30}},"7":{"start":{"line":9,"column":8},"end":{"line":12,"column":9}},"8":{"start":{"line":16,"column":8},"end":{"line":16,"column":46}},"9":{"start":{"line":20,"column":8},"end":{"line":37,"column":9}},"10":{"start":{"line":21,"column":24},"end":{"line":21,"column":90}},"11":{"start":{"line":22,"column":12},"end":{"line":34,"column":14}},"12":{"start":{"line":23,"column":16},"end":{"line":33,"column":17}},"13":{"start":{"line":24,"column":20},"end":{"line":29,"column":21}},"14":{"start":{"line":26,"column":24},"end":{"line":26,"column":91}},"15":{"start":{"line":28,"column":24},"end":{"line":28,"column":39}},"16":{"start":{"line":30,"column":20},"end":{"line":30,"column":37}},"17":{"start":{"line":32,"column":20},"end":{"line":32,"column":37}},"18":{"start":{"line":36,"column":12},"end":{"line":36,"column":40}},"19":{"start":{"line":42,"column":8},"end":{"line":62,"column":9}},"20":{"start":{"line":43,"column":27},"end":{"line":43,"column":93}},"21":{"start":{"line":44,"column":12},"end":{"line":59,"column":14}},"22":{"start":{"line":45,"column":16},"end":{"line":58,"column":17}},"23":{"start":{"line":47,"column":24},"end":{"line":47,"column":59}},"24":{"start":{"line":49,"column":24},"end":{"line":49,"column":29}},"25":{"start":{"line":51,"column":24},"end":{"line":51,"column":60}},"26":{"start":{"line":53,"column":24},"end":{"line":53,"column":29}},"27":{"start":{"line":55,"column":24},"end":{"line":55,"column":60}},"28":{"start":{"line":57,"column":24},"end":{"line":57,"column":29}},"29":{"start":{"line":61,"column":12},"end":{"line":61,"column":40}},"30":{"start":{"line":67,"column":8},"end":{"line":75,"column":9}},"31":{"start":{"line":68,"column":28},"end":{"line":68,"column":115}},"32":{"start":{"line":69,"column":12},"end":{"line":71,"column":13}},"33":{"start":{"line":70,"column":16},"end":{"line":70,"column":97}},"34":{"start":{"line":72,"column":12},"end":{"line":72,"column":34}},"35":{"start":{"line":74,"column":12},"end":{"line":74,"column":40}},"36":{"start":{"line":80,"column":20},"end":{"line":84,"column":139}},"37":{"start":{"line":85,"column":8},"end":{"line":150,"column":14}},"38":{"start":{"line":86,"column":16},"end":{"line":149,"column":18}},"39":{"start":{"line":87,"column":20},"end":{"line":89,"column":21}},"40":{"start":{"line":88,"column":24},"end":{"line":88,"column":37}},"41":{"start":{"line":90,"column":20},"end":{"line":130,"column":21}},"42":{"start":{"line":92,"column":24},"end":{"line":100,"column":25}},"43":{"start":{"line":93,"column":28},"end":{"line":97,"column":29}},"44":{"start":{"line":94,"column":32},"end":{"line":94,"column":52}},"45":{"start":{"line":96,"column":32},"end":{"line":96,"column":66}},"46":{"start":{"line":99,"column":28},"end":{"line":99,"column":48}},"47":{"start":{"line":102,"column":24},"end":{"line":110,"column":25}},"48":{"start":{"line":103,"column":28},"end":{"line":107,"column":29}},"49":{"start":{"line":104,"column":32},"end":{"line":104,"column":53}},"50":{"start":{"line":106,"column":32},"end":{"line":106,"column":67}},"51":{"start":{"line":109,"column":28},"end":{"line":109,"column":49}},"52":{"start":{"line":112,"column":24},"end":{"line":120,"column":25}},"53":{"start":{"line":113,"column":28},"end":{"line":117,"column":29}},"54":{"start":{"line":114,"column":32},"end":{"line":114,"column":53}},"55":{"start":{"line":116,"column":32},"end":{"line":116,"column":67}},"56":{"start":{"line":119,"column":28},"end":{"line":119,"column":49}},"57":{"start":{"line":122,"column":24},"end":{"line":129,"column":25}},"58":{"start":{"line":124,"column":28},"end":{"line":124,"column":107}},"59":{"start":{"line":125,"column":28},"end":{"line":125,"column":107}},"60":{"start":{"line":127,"column":28},"end":{"line":127,"column":54}},"61":{"start":{"line":128,"column":28},"end":{"line":128,"column":54}},"62":{"start":{"line":132,"column":20},"end":{"line":132,"column":97}},"63":{"start":{"line":133,"column":20},"end":{"line":138,"column":21}},"64":{"start":{"line":139,"column":20},"end":{"line":148,"column":22}},"65":{"start":{"line":153,"column":8},"end":{"line":164,"column":9}},"66":{"start":{"line":154,"column":28},"end":{"line":154,"column":53}},"67":{"start":{"line":155,"column":27},"end":{"line":155,"column":64}},"68":{"start":{"line":156,"column":12},"end":{"line":160,"column":13}},"69":{"start":{"line":157,"column":16},"end":{"line":157,"column":106}},"70":{"start":{"line":159,"column":16},"end":{"line":159,"column":97}},"71":{"start":{"line":161,"column":12},"end":{"line":161,"column":26}},"72":{"start":{"line":163,"column":12},"end":{"line":163,"column":30}}},"fnMap":{"0":{"name":"(anonymous_0)","decl":{"start":{"line":4,"column":4},"end":{"line":4,"column":5}},"loc":{"start":{"line":4,"column":18},"end":{"line":13,"column":5}},"line":4},"1":{"name":"(anonymous_1)","decl":{"start":{"line":15,"column":4},"end":{"line":15,"column":5}},"loc":{"start":{"line":15,"column":34},"end":{"line":17,"column":5}},"line":15},"2":{"name":"(anonymous_2)","decl":{"start":{"line":19,"column":4},"end":{"line":19,"column":5}},"loc":{"start":{"line":19,"column":46},"end":{"line":39,"column":5}},"line":19},"3":{"name":"(anonymous_3)","decl":{"start":{"line":22,"column":24},"end":{"line":22,"column":25}},"loc":{"start":{"line":22,"column":30},"end":{"line":34,"column":13}},"line":22},"4":{"name":"(anonymous_4)","decl":{"start":{"line":41,"column":4},"end":{"line":41,"column":5}},"loc":{"start":{"line":41,"column":51},"end":{"line":64,"column":5}},"line":41},"5":{"name":"(anonymous_5)","decl":{"start":{"line":44,"column":27},"end":{"line":44,"column":28}},"loc":{"start":{"line":44,"column":33},"end":{"line":59,"column":13}},"line":44},"6":{"name":"(anonymous_6)","decl":{"start":{"line":66,"column":4},"end":{"line":66,"column":5}},"loc":{"start":{"line":66,"column":38},"end":{"line":76,"column":5}},"line":66},"7":{"name":"(anonymous_7)","decl":{"start":{"line":79,"column":4},"end":{"line":79,"column":5}},"loc":{"start":{"line":79,"column":37},"end":{"line":151,"column":5}},"line":79},"8":{"name":"(anonymous_8)","decl":{"start":{"line":85,"column":27},"end":{"line":85,"column":28}},"loc":{"start":{"line":85,"column":48},"end":{"line":150,"column":13}},"line":85},"9":{"name":"(anonymous_9)","decl":{"start":{"line":86,"column":36},"end":{"line":86,"column":37}},"loc":{"start":{"line":86,"column":63},"end":{"line":149,"column":17}},"line":86},"10":{"name":"(anonymous_10)","decl":{"start":{"line":152,"column":4},"end":{"line":152,"column":5}},"loc":{"start":{"line":152,"column":44},"end":{"line":167,"column":5}},"line":152}},"branchMap":{"0":{"loc":{"start":{"line":23,"column":16},"end":{"line":33,"column":17}},"type":"if","locations":[{"start":{"line":23,"column":16},"end":{"line":33,"column":17}},{"start":{"line":23,"column":16},"end":{"line":33,"column":17}}],"line":23},"1":{"loc":{"start":{"line":24,"column":20},"end":{"line":29,"column":21}},"type":"if","locations":[{"start":{"line":24,"column":20},"end":{"line":29,"column":21}},{"start":{"line":24,"column":20},"end":{"line":29,"column":21}}],"line":24},"2":{"loc":{"start":{"line":45,"column":16},"end":{"line":58,"column":17}},"type":"switch","locations":[{"start":{"line":46,"column":20},"end":{"line":49,"column":29}},{"start":{"line":50,"column":20},"end":{"line":53,"column":29}},{"start":{"line":54,"column":20},"end":{"line":57,"column":29}}],"line":45},"3":{"loc":{"start":{"line":87,"column":20},"end":{"line":89,"column":21}},"type":"if","locations":[{"start":{"line":87,"column":20},"end":{"line":89,"column":21}},{"start":{"line":87,"column":20},"end":{"line":89,"column":21}}],"line":87},"4":{"loc":{"start":{"line":90,"column":20},"end":{"line":130,"column":21}},"type":"if","locations":[{"start":{"line":90,"column":20},"end":{"line":130,"column":21}},{"start":{"line":90,"column":20},"end":{"line":130,"column":21}}],"line":90},"5":{"loc":{"start":{"line":92,"column":24},"end":{"line":100,"column":25}},"type":"if","locations":[{"start":{"line":92,"column":24},"end":{"line":100,"column":25}},{"start":{"line":92,"column":24},"end":{"line":100,"column":25}}],"line":92},"6":{"loc":{"start":{"line":93,"column":28},"end":{"line":97,"column":29}},"type":"if","locations":[{"start":{"line":93,"column":28},"end":{"line":97,"column":29}},{"start":{"line":93,"column":28},"end":{"line":97,"column":29}}],"line":93},"7":{"loc":{"start":{"line":102,"column":24},"end":{"line":110,"column":25}},"type":"if","locations":[{"start":{"line":102,"column":24},"end":{"line":110,"column":25}},{"start":{"line":102,"column":24},"end":{"line":110,"column":25}}],"line":102},"8":{"loc":{"start":{"line":103,"column":28},"end":{"line":107,"column":29}},"type":"if","locations":[{"start":{"line":103,"column":28},"end":{"line":107,"column":29}},{"start":{"line":103,"column":28},"end":{"line":107,"column":29}}],"line":103},"9":{"loc":{"start":{"line":112,"column":24},"end":{"line":120,"column":25}},"type":"if","locations":[{"start":{"line":112,"column":24},"end":{"line":120,"column":25}},{"start":{"line":112,"column":24},"end":{"line":120,"column":25}}],"line":112},"10":{"loc":{"start":{"line":113,"column":28},"end":{"line":117,"column":29}},"type":"if","locations":[{"start":{"line":113,"column":28},"end":{"line":117,"column":29}},{"start":{"line":113,"column":28},"end":{"line":117,"column":29}}],"line":113},"11":{"loc":{"start":{"line":122,"column":24},"end":{"line":129,"column":25}},"type":"if","locations":[{"start":{"line":122,"column":24},"end":{"line":129,"column":25}},{"start":{"line":122,"column":24},"end":{"line":129,"column":25}}],"line":122}},"s":{"0":1,"1":1,"2":1,"3":1,"4":1,"5":1,"6":1,"7":1,"8":0,"9":0,"10":0,"11":0,"12":0,"13":0,"14":0,"15":0,"16":0,"17":0,"18":0,"19":0,"20":0,"21":0,"22":0,"23":0,"24":0,"25":0,"26":0,"27":0,"28":0,"29":0,"30":0,"31":0,"32":0,"33":0,"34":0,"35":0,"36":0,"37":0,"38":0,"39":0,"40":0,"41":0,"42":0,"43":0,"44":0,"45":0,"46":0,"47":0,"48":0,"49":0,"50":0,"51":0,"52":0,"53":0,"54":0,"55":0,"56":0,"57":0,"58":0,"59":0,"60":0,"61":0,"62":0,"63":0,"64":0,"65":0,"66":0,"67":0,"68":0,"69":0,"70":0,"71":0,"72":0},"f":{"0":1,"1":0,"2":0,"3":0,"4":0,"5":0,"6":0,"7":0,"8":0,"9":0,"10":0},"b":{"0":[0,0],"1":[0,0],"2":[0,0,0],"3":[0,0],"4":[0,0],"5":[0,0],"6":[0,0],"7":[0,0],"8":[0,0],"9":[0,0],"10":[0,0],"11":[0,0]},"_coverageSchema":"1a1c01bbd47fc00a2c39e90264f33305004495a9","hash":"bbd94a25555b361e0f81b105306746ac3b8673ab"}
,"/Users/stewart/Documents/GitHub/budgetApp/v2/src/js/BudgetValidation.js": {"path":"/Users/stewart/Documents/GitHub/budgetApp/v2/src/js/BudgetValidation.js","statementMap":{"0":{"start":{"line":1,"column":18},"end":{"line":1,"column":38}},"1":{"start":{"line":2,"column":0},"end":{"line":41,"column":1}},"2":{"start":{"line":4,"column":8},"end":{"line":4,"column":78}},"3":{"start":{"line":5,"column":8},"end":{"line":5,"column":99}},"4":{"start":{"line":6,"column":8},"end":{"line":6,"column":81}},"5":{"start":{"line":10,"column":8},"end":{"line":10,"column":22}},"6":{"start":{"line":11,"column":8},"end":{"line":11,"column":42}},"7":{"start":{"line":12,"column":8},"end":{"line":16,"column":9}},"8":{"start":{"line":13,"column":12},"end":{"line":15,"column":14}},"9":{"start":{"line":20,"column":8},"end":{"line":24,"column":9}},"10":{"start":{"line":21,"column":12},"end":{"line":23,"column":14}},"11":{"start":{"line":28,"column":8},"end":{"line":30,"column":9}},"12":{"start":{"line":29,"column":12},"end":{"line":29,"column":45}},"13":{"start":{"line":34,"column":8},"end":{"line":34,"column":34}},"14":{"start":{"line":35,"column":8},"end":{"line":35,"column":41}},"15":{"start":{"line":36,"column":8},"end":{"line":36,"column":46}},"16":{"start":{"line":37,"column":8},"end":{"line":37,"column":26}},"17":{"start":{"line":38,"column":8},"end":{"line":38,"column":43}}},"fnMap":{"0":{"name":"(anonymous_0)","decl":{"start":{"line":3,"column":4},"end":{"line":3,"column":5}},"loc":{"start":{"line":3,"column":27},"end":{"line":7,"column":5}},"line":3},"1":{"name":"(anonymous_1)","decl":{"start":{"line":9,"column":4},"end":{"line":9,"column":5}},"loc":{"start":{"line":9,"column":18},"end":{"line":17,"column":5}},"line":9},"2":{"name":"(anonymous_2)","decl":{"start":{"line":19,"column":4},"end":{"line":19,"column":5}},"loc":{"start":{"line":19,"column":35},"end":{"line":25,"column":5}},"line":19},"3":{"name":"(anonymous_3)","decl":{"start":{"line":27,"column":4},"end":{"line":27,"column":5}},"loc":{"start":{"line":27,"column":18},"end":{"line":31,"column":5}},"line":27},"4":{"name":"(anonymous_4)","decl":{"start":{"line":33,"column":4},"end":{"line":33,"column":5}},"loc":{"start":{"line":33,"column":18},"end":{"line":39,"column":5}},"line":33}},"branchMap":{"0":{"loc":{"start":{"line":4,"column":27},"end":{"line":4,"column":77}},"type":"cond-expr","locations":[{"start":{"line":4,"column":51},"end":{"line":4,"column":72}},{"start":{"line":4,"column":75},"end":{"line":4,"column":77}}],"line":4},"1":{"loc":{"start":{"line":5,"column":34},"end":{"line":5,"column":98}},"type":"cond-expr","locations":[{"start":{"line":5,"column":65},"end":{"line":5,"column":93}},{"start":{"line":5,"column":96},"end":{"line":5,"column":98}}],"line":5},"2":{"loc":{"start":{"line":6,"column":28},"end":{"line":6,"column":80}},"type":"cond-expr","locations":[{"start":{"line":6,"column":53},"end":{"line":6,"column":75}},{"start":{"line":6,"column":78},"end":{"line":6,"column":80}}],"line":6},"3":{"loc":{"start":{"line":12,"column":8},"end":{"line":16,"column":9}},"type":"if","locations":[{"start":{"line":12,"column":8},"end":{"line":16,"column":9}},{"start":{"line":12,"column":8},"end":{"line":16,"column":9}}],"line":12},"4":{"loc":{"start":{"line":20,"column":8},"end":{"line":24,"column":9}},"type":"if","locations":[{"start":{"line":20,"column":8},"end":{"line":24,"column":9}},{"start":{"line":20,"column":8},"end":{"line":24,"column":9}}],"line":20},"5":{"loc":{"start":{"line":28,"column":8},"end":{"line":30,"column":9}},"type":"if","locations":[{"start":{"line":28,"column":8},"end":{"line":30,"column":9}},{"start":{"line":28,"column":8},"end":{"line":30,"column":9}}],"line":28}},"s":{"0":1,"1":1,"2":0,"3":0,"4":0,"5":0,"6":0,"7":0,"8":0,"9":0,"10":0,"11":0,"12":0,"13":0,"14":0,"15":0,"16":0,"17":0},"f":{"0":0,"1":0,"2":0,"3":0,"4":0},"b":{"0":[0,0],"1":[0,0],"2":[0,0],"3":[0,0],"4":[0,0],"5":[0,0]},"_coverageSchema":"1a1c01bbd47fc00a2c39e90264f33305004495a9","hash":"7816b59d21646a4b3818a59c646561088d3babf8"}
,"/Users/stewart/Documents/GitHub/budgetApp/v2/src/js/Users.js": {"path":"/Users/stewart/Documents/GitHub/budgetApp/v2/src/js/Users.js","statementMap":{"0":{"start":{"line":1,"column":15},"end":{"line":1,"column":34}},"1":{"start":{"line":2,"column":18},"end":{"line":2,"column":38}},"2":{"start":{"line":3,"column":12},"end":{"line":3,"column":35}},"3":{"start":{"line":6,"column":36},"end":{"line":6,"column":68}},"4":{"start":{"line":8,"column":19},"end":{"line":11,"column":1}},"5":{"start":{"line":9,"column":4},"end":{"line":9,"column":40}},"6":{"start":{"line":9,"column":31},"end":{"line":9,"column":40}},"7":{"start":{"line":10,"column":4},"end":{"line":10,"column":49}},"8":{"start":{"line":13,"column":21},"end":{"line":29,"column":1}},"9":{"start":{"line":14,"column":38},"end":{"line":14,"column":41}},"10":{"start":{"line":15,"column":4},"end":{"line":27,"column":5}},"11":{"start":{"line":18,"column":8},"end":{"line":18,"column":75}},"12":{"start":{"line":20,"column":8},"end":{"line":22,"column":9}},"13":{"start":{"line":21,"column":12},"end":{"line":21,"column":55}},"14":{"start":{"line":23,"column":8},"end":{"line":25,"column":9}},"15":{"start":{"line":24,"column":12},"end":{"line":24,"column":79}},"16":{"start":{"line":26,"column":8},"end":{"line":26,"column":67}},"17":{"start":{"line":31,"column":19},"end":{"line":40,"column":1}},"18":{"start":{"line":33,"column":28},"end":{"line":33,"column":44}},"19":{"start":{"line":34,"column":27},"end":{"line":34,"column":57}},"20":{"start":{"line":35,"column":4},"end":{"line":39,"column":5}},"21":{"start":{"line":42,"column":26},"end":{"line":59,"column":1}},"22":{"start":{"line":44,"column":18},"end":{"line":47,"column":21}},"23":{"start":{"line":49,"column":22},"end":{"line":52,"column":5}},"24":{"start":{"line":53,"column":4},"end":{"line":58,"column":5}},"25":{"start":{"line":54,"column":8},"end":{"line":54,"column":64}},"26":{"start":{"line":55,"column":8},"end":{"line":55,"column":20}},"27":{"start":{"line":57,"column":8},"end":{"line":57,"column":54}},"28":{"start":{"line":66,"column":0},"end":{"line":69,"column":1}}},"fnMap":{"0":{"name":"(anonymous_0)","decl":{"start":{"line":8,"column":19},"end":{"line":8,"column":20}},"loc":{"start":{"line":8,"column":26},"end":{"line":11,"column":1}},"line":8},"1":{"name":"(anonymous_1)","decl":{"start":{"line":13,"column":21},"end":{"line":13,"column":22}},"loc":{"start":{"line":13,"column":36},"end":{"line":29,"column":1}},"line":13},"2":{"name":"(anonymous_2)","decl":{"start":{"line":31,"column":19},"end":{"line":31,"column":20}},"loc":{"start":{"line":31,"column":52},"end":{"line":40,"column":1}},"line":31},"3":{"name":"(anonymous_3)","decl":{"start":{"line":42,"column":26},"end":{"line":42,"column":27}},"loc":{"start":{"line":42,"column":40},"end":{"line":59,"column":1}},"line":42}},"branchMap":{"0":{"loc":{"start":{"line":9,"column":4},"end":{"line":9,"column":40}},"type":"if","locations":[{"start":{"line":9,"column":4},"end":{"line":9,"column":40}},{"start":{"line":9,"column":4},"end":{"line":9,"column":40}}],"line":9},"1":{"loc":{"start":{"line":15,"column":4},"end":{"line":27,"column":5}},"type":"if","locations":[{"start":{"line":15,"column":4},"end":{"line":27,"column":5}},{"start":{"line":15,"column":4},"end":{"line":27,"column":5}}],"line":15},"2":{"loc":{"start":{"line":15,"column":8},"end":{"line":15,"column":90}},"type":"binary-expr","locations":[{"start":{"line":15,"column":8},"end":{"line":15,"column":31}},{"start":{"line":15,"column":35},"end":{"line":15,"column":62}},{"start":{"line":15,"column":66},"end":{"line":15,"column":90}}],"line":15},"3":{"loc":{"start":{"line":20,"column":8},"end":{"line":22,"column":9}},"type":"if","locations":[{"start":{"line":20,"column":8},"end":{"line":22,"column":9}},{"start":{"line":20,"column":8},"end":{"line":22,"column":9}}],"line":20},"4":{"loc":{"start":{"line":23,"column":8},"end":{"line":25,"column":9}},"type":"if","locations":[{"start":{"line":23,"column":8},"end":{"line":25,"column":9}},{"start":{"line":23,"column":8},"end":{"line":25,"column":9}}],"line":23}},"s":{"0":1,"1":1,"2":1,"3":1,"4":1,"5":2,"6":0,"7":2,"8":1,"9":5,"10":5,"11":1,"12":4,"13":1,"14":3,"15":1,"16":2,"17":1,"18":2,"19":2,"20":2,"21":1,"22":1,"23":1,"24":1,"25":1,"26":1,"27":0,"28":1},"f":{"0":2,"1":5,"2":2,"3":1},"b":{"0":[0,2],"1":[1,4],"2":[5,4,4],"3":[1,3],"4":[1,2]},"_coverageSchema":"1a1c01bbd47fc00a2c39e90264f33305004495a9","hash":"4ab9f606db7c571ef7baedd5558d0b383fdcf482"}
,"/Users/stewart/Documents/GitHub/budgetApp/v2/src/middleware/auth.js": {"path":"/Users/stewart/Documents/GitHub/budgetApp/v2/src/middleware/auth.js","statementMap":{"0":{"start":{"line":1,"column":12},"end":{"line":1,"column":35}},"1":{"start":{"line":2,"column":36},"end":{"line":2,"column":68}},"2":{"start":{"line":3,"column":13},"end":{"line":27,"column":1}},"3":{"start":{"line":4,"column":4},"end":{"line":23,"column":9}},"4":{"start":{"line":5,"column":22},"end":{"line":5,"column":72}},"5":{"start":{"line":6,"column":23},"end":{"line":6,"column":55}},"6":{"start":{"line":9,"column":23},"end":{"line":9,"column":87}},"7":{"start":{"line":10,"column":8},"end":{"line":14,"column":9}},"8":{"start":{"line":11,"column":12},"end":{"line":13,"column":14}},"9":{"start":{"line":16,"column":8},"end":{"line":16,"column":25}},"10":{"start":{"line":17,"column":8},"end":{"line":17,"column":36}},"11":{"start":{"line":19,"column":12},"end":{"line":21,"column":14}},"12":{"start":{"line":25,"column":8},"end":{"line":25,"column":14}},"13":{"start":{"line":28,"column":0},"end":{"line":28,"column":21}}},"fnMap":{"0":{"name":"(anonymous_0)","decl":{"start":{"line":3,"column":13},"end":{"line":3,"column":14}},"loc":{"start":{"line":3,"column":39},"end":{"line":27,"column":1}},"line":3}},"branchMap":{"0":{"loc":{"start":{"line":10,"column":8},"end":{"line":14,"column":9}},"type":"if","locations":[{"start":{"line":10,"column":8},"end":{"line":14,"column":9}},{"start":{"line":10,"column":8},"end":{"line":14,"column":9}}],"line":10}},"s":{"0":1,"1":1,"2":1,"3":3,"4":3,"5":3,"6":3,"7":3,"8":0,"9":3,"10":3,"11":0,"12":3,"13":1},"f":{"0":3},"b":{"0":[0,3]},"_coverageSchema":"1a1c01bbd47fc00a2c39e90264f33305004495a9","hash":"5b9663dbc768ef59b26fed7d0047da423fa3fc6a"}
,"/Users/stewart/Documents/GitHub/budgetApp/v2/src/routers/budget.js": {"path":"/Users/stewart/Documents/GitHub/budgetApp/v2/src/routers/budget.js","statementMap":{"0":{"start":{"line":1,"column":16},"end":{"line":1,"column":34}},"1":{"start":{"line":2,"column":13},"end":{"line":2,"column":42}},"2":{"start":{"line":3,"column":15},"end":{"line":3,"column":38}},"3":{"start":{"line":4,"column":25},"end":{"line":4,"column":58}},"4":{"start":{"line":5,"column":38},"end":{"line":5,"column":70}},"5":{"start":{"line":6,"column":15},"end":{"line":6,"column":35}},"6":{"start":{"line":8,"column":15},"end":{"line":8,"column":27}},"7":{"start":{"line":12,"column":0},"end":{"line":28,"column":2}},"8":{"start":{"line":14,"column":17},"end":{"line":14,"column":47}},"9":{"start":{"line":15,"column":4},"end":{"line":15,"column":27}},"10":{"start":{"line":17,"column":4},"end":{"line":27,"column":5}},"11":{"start":{"line":18,"column":8},"end":{"line":24,"column":9}},"12":{"start":{"line":19,"column":30},"end":{"line":19,"column":81}},"13":{"start":{"line":20,"column":12},"end":{"line":20,"column":71}},"14":{"start":{"line":21,"column":12},"end":{"line":21,"column":34}},"15":{"start":{"line":23,"column":12},"end":{"line":23,"column":34}},"16":{"start":{"line":26,"column":8},"end":{"line":26,"column":40}},"17":{"start":{"line":30,"column":0},"end":{"line":35,"column":2}},"18":{"start":{"line":31,"column":4},"end":{"line":33,"column":32}},"19":{"start":{"line":32,"column":8},"end":{"line":32,"column":24}},"20":{"start":{"line":33,"column":17},"end":{"line":33,"column":31}},"21":{"start":{"line":37,"column":0},"end":{"line":39,"column":2}},"22":{"start":{"line":38,"column":4},"end":{"line":38,"column":45}},"23":{"start":{"line":41,"column":0},"end":{"line":51,"column":2}},"24":{"start":{"line":44,"column":4},"end":{"line":49,"column":5}},"25":{"start":{"line":45,"column":29},"end":{"line":45,"column":74}},"26":{"start":{"line":46,"column":8},"end":{"line":46,"column":30}},"27":{"start":{"line":48,"column":8},"end":{"line":48,"column":26}},"28":{"start":{"line":53,"column":0},"end":{"line":73,"column":2}},"29":{"start":{"line":54,"column":15},"end":{"line":54,"column":28}},"30":{"start":{"line":55,"column":4},"end":{"line":55,"column":19}},"31":{"start":{"line":56,"column":4},"end":{"line":71,"column":5}},"32":{"start":{"line":57,"column":27},"end":{"line":57,"column":119}},"33":{"start":{"line":58,"column":8},"end":{"line":62,"column":9}},"34":{"start":{"line":59,"column":12},"end":{"line":61,"column":14}},"35":{"start":{"line":63,"column":8},"end":{"line":67,"column":9}},"36":{"start":{"line":64,"column":12},"end":{"line":66,"column":14}},"37":{"start":{"line":68,"column":8},"end":{"line":68,"column":40}},"38":{"start":{"line":70,"column":8},"end":{"line":70,"column":38}},"39":{"start":{"line":76,"column":0},"end":{"line":95,"column":2}},"40":{"start":{"line":77,"column":15},"end":{"line":77,"column":28}},"41":{"start":{"line":78,"column":17},"end":{"line":78,"column":47}},"42":{"start":{"line":80,"column":4},"end":{"line":94,"column":5}},"43":{"start":{"line":81,"column":8},"end":{"line":93,"column":9}},"44":{"start":{"line":82,"column":27},"end":{"line":82,"column":125}},"45":{"start":{"line":83,"column":12},"end":{"line":87,"column":13}},"46":{"start":{"line":84,"column":16},"end":{"line":86,"column":18}},"47":{"start":{"line":88,"column":34},"end":{"line":88,"column":153}},"48":{"start":{"line":90,"column":12},"end":{"line":90,"column":47}},"49":{"start":{"line":92,"column":12},"end":{"line":92,"column":35}},"50":{"start":{"line":98,"column":0},"end":{"line":114,"column":2}},"51":{"start":{"line":99,"column":15},"end":{"line":99,"column":28}},"52":{"start":{"line":100,"column":4},"end":{"line":113,"column":5}},"53":{"start":{"line":101,"column":23},"end":{"line":101,"column":132}},"54":{"start":{"line":102,"column":8},"end":{"line":106,"column":9}},"55":{"start":{"line":103,"column":12},"end":{"line":105,"column":14}},"56":{"start":{"line":107,"column":8},"end":{"line":107,"column":56}},"57":{"start":{"line":108,"column":8},"end":{"line":110,"column":10}},"58":{"start":{"line":112,"column":8},"end":{"line":112,"column":31}},"59":{"start":{"line":116,"column":0},"end":{"line":116,"column":23}}},"fnMap":{"0":{"name":"(anonymous_0)","decl":{"start":{"line":12,"column":29},"end":{"line":12,"column":30}},"loc":{"start":{"line":12,"column":49},"end":{"line":28,"column":1}},"line":12},"1":{"name":"(anonymous_1)","decl":{"start":{"line":30,"column":32},"end":{"line":30,"column":33}},"loc":{"start":{"line":30,"column":52},"end":{"line":35,"column":1}},"line":30},"2":{"name":"(anonymous_2)","decl":{"start":{"line":31,"column":49},"end":{"line":31,"column":50}},"loc":{"start":{"line":31,"column":56},"end":{"line":33,"column":5}},"line":31},"3":{"name":"(anonymous_3)","decl":{"start":{"line":33,"column":13},"end":{"line":33,"column":14}},"loc":{"start":{"line":33,"column":17},"end":{"line":33,"column":31}},"line":33},"4":{"name":"(anonymous_4)","decl":{"start":{"line":37,"column":27},"end":{"line":37,"column":28}},"loc":{"start":{"line":37,"column":47},"end":{"line":39,"column":1}},"line":37},"5":{"name":"(anonymous_5)","decl":{"start":{"line":41,"column":35},"end":{"line":41,"column":36}},"loc":{"start":{"line":41,"column":55},"end":{"line":51,"column":1}},"line":41},"6":{"name":"(anonymous_6)","decl":{"start":{"line":53,"column":31},"end":{"line":53,"column":32}},"loc":{"start":{"line":53,"column":51},"end":{"line":73,"column":1}},"line":53},"7":{"name":"(anonymous_7)","decl":{"start":{"line":76,"column":34},"end":{"line":76,"column":35}},"loc":{"start":{"line":76,"column":54},"end":{"line":95,"column":1}},"line":76},"8":{"name":"(anonymous_8)","decl":{"start":{"line":98,"column":35},"end":{"line":98,"column":36}},"loc":{"start":{"line":98,"column":55},"end":{"line":114,"column":1}},"line":98}},"branchMap":{"0":{"loc":{"start":{"line":17,"column":4},"end":{"line":27,"column":5}},"type":"if","locations":[{"start":{"line":17,"column":4},"end":{"line":27,"column":5}},{"start":{"line":17,"column":4},"end":{"line":27,"column":5}}],"line":17},"1":{"loc":{"start":{"line":17,"column":8},"end":{"line":17,"column":46}},"type":"binary-expr","locations":[{"start":{"line":17,"column":8},"end":{"line":17,"column":19}},{"start":{"line":17,"column":23},"end":{"line":17,"column":46}}],"line":17},"2":{"loc":{"start":{"line":58,"column":8},"end":{"line":62,"column":9}},"type":"if","locations":[{"start":{"line":58,"column":8},"end":{"line":62,"column":9}},{"start":{"line":58,"column":8},"end":{"line":62,"column":9}}],"line":58},"3":{"loc":{"start":{"line":63,"column":8},"end":{"line":67,"column":9}},"type":"if","locations":[{"start":{"line":63,"column":8},"end":{"line":67,"column":9}},{"start":{"line":63,"column":8},"end":{"line":67,"column":9}}],"line":63},"4":{"loc":{"start":{"line":80,"column":4},"end":{"line":94,"column":5}},"type":"if","locations":[{"start":{"line":80,"column":4},"end":{"line":94,"column":5}},{"start":{"line":80,"column":4},"end":{"line":94,"column":5}}],"line":80},"5":{"loc":{"start":{"line":80,"column":8},"end":{"line":80,"column":46}},"type":"binary-expr","locations":[{"start":{"line":80,"column":8},"end":{"line":80,"column":19}},{"start":{"line":80,"column":23},"end":{"line":80,"column":46}}],"line":80},"6":{"loc":{"start":{"line":83,"column":12},"end":{"line":87,"column":13}},"type":"if","locations":[{"start":{"line":83,"column":12},"end":{"line":87,"column":13}},{"start":{"line":83,"column":12},"end":{"line":87,"column":13}}],"line":83},"7":{"loc":{"start":{"line":102,"column":8},"end":{"line":106,"column":9}},"type":"if","locations":[{"start":{"line":102,"column":8},"end":{"line":106,"column":9}},{"start":{"line":102,"column":8},"end":{"line":106,"column":9}}],"line":102}},"s":{"0":1,"1":1,"2":1,"3":1,"4":1,"5":1,"6":1,"7":1,"8":0,"9":0,"10":0,"11":0,"12":0,"13":0,"14":0,"15":0,"16":0,"17":1,"18":0,"19":0,"20":0,"21":1,"22":0,"23":1,"24":0,"25":0,"26":0,"27":0,"28":1,"29":0,"30":0,"31":0,"32":0,"33":0,"34":0,"35":0,"36":0,"37":0,"38":0,"39":1,"40":0,"41":0,"42":0,"43":0,"44":0,"45":0,"46":0,"47":0,"48":0,"49":0,"50":1,"51":0,"52":0,"53":0,"54":0,"55":0,"56":0,"57":0,"58":0,"59":1},"f":{"0":0,"1":0,"2":0,"3":0,"4":0,"5":0,"6":0,"7":0,"8":0},"b":{"0":[0,0],"1":[0,0],"2":[0,0],"3":[0,0],"4":[0,0],"5":[0,0],"6":[0,0],"7":[0,0]},"_coverageSchema":"1a1c01bbd47fc00a2c39e90264f33305004495a9","hash":"9c4c3e703ddcc494b2dd714bd1179d7ceb75f4c2"}
,"/Users/stewart/Documents/GitHub/budgetApp/v2/src/routers/user.js": {"path":"/Users/stewart/Documents/GitHub/budgetApp/v2/src/routers/user.js","statementMap":{"0":{"start":{"line":1,"column":16},"end":{"line":1,"column":34}},"1":{"start":{"line":2,"column":13},"end":{"line":2,"column":42}},"2":{"start":{"line":3,"column":44},"end":{"line":3,"column":66}},"3":{"start":{"line":4,"column":36},"end":{"line":4,"column":68}},"4":{"start":{"line":5,"column":15},"end":{"line":5,"column":35}},"5":{"start":{"line":9,"column":0},"end":{"line":41,"column":2}},"6":{"start":{"line":10,"column":20},"end":{"line":10,"column":41}},"7":{"start":{"line":11,"column":27},"end":{"line":11,"column":56}},"8":{"start":{"line":12,"column":29},"end":{"line":12,"column":87}},"9":{"start":{"line":12,"column":55},"end":{"line":12,"column":86}},"10":{"start":{"line":13,"column":4},"end":{"line":17,"column":5}},"11":{"start":{"line":14,"column":8},"end":{"line":16,"column":10}},"12":{"start":{"line":18,"column":4},"end":{"line":39,"column":5}},"13":{"start":{"line":19,"column":30},"end":{"line":19,"column":58}},"14":{"start":{"line":20,"column":8},"end":{"line":24,"column":9}},"15":{"start":{"line":21,"column":12},"end":{"line":23,"column":14}},"16":{"start":{"line":25,"column":19},"end":{"line":25,"column":69}},"17":{"start":{"line":28,"column":22},"end":{"line":28,"column":58}},"18":{"start":{"line":30,"column":8},"end":{"line":30,"column":43}},"19":{"start":{"line":33,"column":8},"end":{"line":37,"column":9}},"20":{"start":{"line":34,"column":12},"end":{"line":36,"column":14}},"21":{"start":{"line":38,"column":8},"end":{"line":38,"column":31}},"22":{"start":{"line":43,"column":0},"end":{"line":49,"column":2}},"23":{"start":{"line":44,"column":4},"end":{"line":48,"column":5}},"24":{"start":{"line":45,"column":8},"end":{"line":45,"column":29}},"25":{"start":{"line":47,"column":8},"end":{"line":47,"column":19}},"26":{"start":{"line":52,"column":0},"end":{"line":62,"column":2}},"27":{"start":{"line":53,"column":4},"end":{"line":61,"column":5}},"28":{"start":{"line":54,"column":19},"end":{"line":54,"column":27}},"29":{"start":{"line":55,"column":8},"end":{"line":55,"column":23}},"30":{"start":{"line":56,"column":21},"end":{"line":56,"column":102}},"31":{"start":{"line":58,"column":8},"end":{"line":58,"column":22}},"32":{"start":{"line":60,"column":8},"end":{"line":60,"column":31}},"33":{"start":{"line":65,"column":0},"end":{"line":95,"column":2}},"34":{"start":{"line":66,"column":15},"end":{"line":66,"column":23}},"35":{"start":{"line":68,"column":20},"end":{"line":68,"column":41}},"36":{"start":{"line":69,"column":27},"end":{"line":69,"column":56}},"37":{"start":{"line":70,"column":29},"end":{"line":70,"column":87}},"38":{"start":{"line":70,"column":55},"end":{"line":70,"column":86}},"39":{"start":{"line":72,"column":4},"end":{"line":72,"column":118}},"40":{"start":{"line":72,"column":27},"end":{"line":72,"column":118}},"41":{"start":{"line":74,"column":4},"end":{"line":94,"column":5}},"42":{"start":{"line":76,"column":30},"end":{"line":76,"column":58}},"43":{"start":{"line":77,"column":8},"end":{"line":81,"column":9}},"44":{"start":{"line":78,"column":12},"end":{"line":80,"column":14}},"45":{"start":{"line":83,"column":8},"end":{"line":83,"column":70}},"46":{"start":{"line":85,"column":8},"end":{"line":85,"column":22}},"47":{"start":{"line":88,"column":8},"end":{"line":92,"column":9}},"48":{"start":{"line":89,"column":12},"end":{"line":91,"column":14}},"49":{"start":{"line":93,"column":8},"end":{"line":93,"column":31}},"50":{"start":{"line":98,"column":0},"end":{"line":112,"column":2}},"51":{"start":{"line":99,"column":15},"end":{"line":99,"column":23}},"52":{"start":{"line":100,"column":4},"end":{"line":110,"column":5}},"53":{"start":{"line":101,"column":8},"end":{"line":101,"column":63}},"54":{"start":{"line":103,"column":8},"end":{"line":105,"column":10}},"55":{"start":{"line":107,"column":8},"end":{"line":108,"column":12}},"56":{"start":{"line":115,"column":0},"end":{"line":117,"column":2}},"57":{"start":{"line":119,"column":0},"end":{"line":119,"column":23}}},"fnMap":{"0":{"name":"(anonymous_0)","decl":{"start":{"line":9,"column":22},"end":{"line":9,"column":23}},"loc":{"start":{"line":9,"column":42},"end":{"line":41,"column":1}},"line":9},"1":{"name":"(anonymous_1)","decl":{"start":{"line":12,"column":43},"end":{"line":12,"column":44}},"loc":{"start":{"line":12,"column":55},"end":{"line":12,"column":86}},"line":12},"2":{"name":"(anonymous_2)","decl":{"start":{"line":43,"column":32},"end":{"line":43,"column":33}},"loc":{"start":{"line":43,"column":52},"end":{"line":49,"column":1}},"line":43},"3":{"name":"(anonymous_3)","decl":{"start":{"line":52,"column":35},"end":{"line":52,"column":36}},"loc":{"start":{"line":52,"column":55},"end":{"line":62,"column":1}},"line":52},"4":{"name":"(anonymous_4)","decl":{"start":{"line":65,"column":37},"end":{"line":65,"column":38}},"loc":{"start":{"line":65,"column":57},"end":{"line":95,"column":1}},"line":65},"5":{"name":"(anonymous_5)","decl":{"start":{"line":70,"column":43},"end":{"line":70,"column":44}},"loc":{"start":{"line":70,"column":55},"end":{"line":70,"column":86}},"line":70},"6":{"name":"(anonymous_6)","decl":{"start":{"line":98,"column":38},"end":{"line":98,"column":39}},"loc":{"start":{"line":98,"column":58},"end":{"line":112,"column":1}},"line":98},"7":{"name":"(anonymous_7)","decl":{"start":{"line":115,"column":28},"end":{"line":115,"column":29}},"loc":{"start":{"line":115,"column":42},"end":{"line":117,"column":1}},"line":115}},"branchMap":{"0":{"loc":{"start":{"line":13,"column":4},"end":{"line":17,"column":5}},"type":"if","locations":[{"start":{"line":13,"column":4},"end":{"line":17,"column":5}},{"start":{"line":13,"column":4},"end":{"line":17,"column":5}}],"line":13},"1":{"loc":{"start":{"line":20,"column":8},"end":{"line":24,"column":9}},"type":"if","locations":[{"start":{"line":20,"column":8},"end":{"line":24,"column":9}},{"start":{"line":20,"column":8},"end":{"line":24,"column":9}}],"line":20},"2":{"loc":{"start":{"line":33,"column":8},"end":{"line":37,"column":9}},"type":"if","locations":[{"start":{"line":33,"column":8},"end":{"line":37,"column":9}},{"start":{"line":33,"column":8},"end":{"line":37,"column":9}}],"line":33},"3":{"loc":{"start":{"line":72,"column":4},"end":{"line":72,"column":118}},"type":"if","locations":[{"start":{"line":72,"column":4},"end":{"line":72,"column":118}},{"start":{"line":72,"column":4},"end":{"line":72,"column":118}}],"line":72},"4":{"loc":{"start":{"line":77,"column":8},"end":{"line":81,"column":9}},"type":"if","locations":[{"start":{"line":77,"column":8},"end":{"line":81,"column":9}},{"start":{"line":77,"column":8},"end":{"line":81,"column":9}}],"line":77},"5":{"loc":{"start":{"line":88,"column":8},"end":{"line":92,"column":9}},"type":"if","locations":[{"start":{"line":88,"column":8},"end":{"line":92,"column":9}},{"start":{"line":88,"column":8},"end":{"line":92,"column":9}}],"line":88}},"s":{"0":1,"1":1,"2":1,"3":1,"4":1,"5":1,"6":4,"7":4,"8":4,"9":12,"10":4,"11":0,"12":4,"13":4,"14":4,"15":3,"16":1,"17":1,"18":1,"19":0,"20":0,"21":0,"22":1,"23":0,"24":0,"25":0,"26":1,"27":1,"28":1,"29":1,"30":1,"31":1,"32":0,"33":1,"34":1,"35":1,"36":1,"37":1,"38":3,"39":1,"40":0,"41":1,"42":1,"43":1,"44":0,"45":1,"46":1,"47":0,"48":0,"49":0,"50":1,"51":1,"52":1,"53":1,"54":0,"55":1,"56":1,"57":1},"f":{"0":4,"1":12,"2":0,"3":1,"4":1,"5":3,"6":1,"7":0},"b":{"0":[0,4],"1":[3,1],"2":[0,0],"3":[0,1],"4":[0,1],"5":[0,0]},"_coverageSchema":"1a1c01bbd47fc00a2c39e90264f33305004495a9","hash":"56772c898b545ed2990d986e14e47cd0a438960d"}
,"/Users/stewart/Documents/GitHub/budgetApp/v2/tests/fixtures/test_database.js": {"path":"/Users/stewart/Documents/GitHub/budgetApp/v2/tests/fixtures/test_database.js","statementMap":{"0":{"start":{"line":1,"column":14},"end":{"line":1,"column":30}},"1":{"start":{"line":2,"column":15},"end":{"line":2,"column":34}},"2":{"start":{"line":4,"column":19},"end":{"line":4,"column":53}},"3":{"start":{"line":5,"column":36},"end":{"line":5,"column":81}},"4":{"start":{"line":6,"column":28},"end":{"line":6,"column":63}},"5":{"start":{"line":16,"column":23},"end":{"line":26,"column":19}},"6":{"start":{"line":28,"column":25},"end":{"line":35,"column":50}},"7":{"start":{"line":37,"column":26},"end":{"line":41,"column":72}},"8":{"start":{"line":43,"column":16},"end":{"line":47,"column":1}},"9":{"start":{"line":51,"column":22},"end":{"line":76,"column":1}},"10":{"start":{"line":53,"column":4},"end":{"line":75,"column":5}},"11":{"start":{"line":54,"column":8},"end":{"line":54,"column":42}},"12":{"start":{"line":55,"column":8},"end":{"line":55,"column":44}},"13":{"start":{"line":56,"column":8},"end":{"line":56,"column":45}},"14":{"start":{"line":57,"column":8},"end":{"line":57,"column":22}},"15":{"start":{"line":58,"column":19},"end":{"line":58,"column":72}},"16":{"start":{"line":68,"column":26},"end":{"line":71,"column":9}},"17":{"start":{"line":72,"column":8},"end":{"line":72,"column":64}},"18":{"start":{"line":74,"column":8},"end":{"line":74,"column":26}},"19":{"start":{"line":78,"column":22},"end":{"line":82,"column":1}},"20":{"start":{"line":79,"column":4},"end":{"line":79,"column":44}},"21":{"start":{"line":80,"column":4},"end":{"line":80,"column":44}},"22":{"start":{"line":81,"column":4},"end":{"line":81,"column":43}},"23":{"start":{"line":84,"column":24},"end":{"line":86,"column":1}},"24":{"start":{"line":85,"column":4},"end":{"line":85,"column":20}},"25":{"start":{"line":88,"column":0},"end":{"line":92,"column":1}}},"fnMap":{"0":{"name":"(anonymous_0)","decl":{"start":{"line":51,"column":22},"end":{"line":51,"column":23}},"loc":{"start":{"line":51,"column":34},"end":{"line":76,"column":1}},"line":51},"1":{"name":"(anonymous_1)","decl":{"start":{"line":78,"column":22},"end":{"line":78,"column":23}},"loc":{"start":{"line":78,"column":34},"end":{"line":82,"column":1}},"line":78},"2":{"name":"(anonymous_2)","decl":{"start":{"line":84,"column":24},"end":{"line":84,"column":25}},"loc":{"start":{"line":84,"column":30},"end":{"line":86,"column":1}},"line":84}},"branchMap":{},"s":{"0":1,"1":1,"2":1,"3":1,"4":1,"5":1,"6":1,"7":1,"8":1,"9":1,"10":1,"11":1,"12":1,"13":1,"14":1,"15":1,"16":1,"17":1,"18":0,"19":1,"20":1,"21":1,"22":1,"23":1,"24":1,"25":1},"f":{"0":1,"1":1,"2":1},"b":{},"_coverageSchema":"1a1c01bbd47fc00a2c39e90264f33305004495a9","hash":"c6984cf410eedf2ebeeb9cf2d9667c0e03328a01"}
}
